<?xml version="1.0" encoding="UTF-8"?>
<!-- Generated by org.testng.reporters.JUnitXMLReporter -->
<testsuite ignored="15" hostname="Adithis-MacBook-Air.local" failures="0" tests="5" name="GroupTest" time="0.119" errors="0" timestamp="2024-01-24T13:52:24 PST">
  <testcase classname="practiceTestNG.PracticeGroupTestClass" name="fifthTestcase" time="0.015"/>
  <testcase classname="practiceTestNG.PracticeGroupTestClass" name="firstTestcase" time="0.004"/>
  <testcase classname="practiceTestNG.PracticeGroupTestClass" name="fourthTestcase" time="0.006"/>
  <testcase classname="practiceTestNG.PracticeGroupTestClass" name="secondTestcase" time="0.002"/>
  <testcase classname="practiceTestNG.PracticeGroupTestClass" name="thirdTestcase" time="0.003"/>
  <testcase classname="practiceTestNG.PracticeTestPriorityClass" name="fifthTestcase" time="0.0">
    <ignored/>
  </testcase> <!-- fifthTestcase -->
  <testcase classname="practiceTestNG.PracticeTestPriorityClass" name="fourthTestcase" time="0.0">
    <ignored/>
  </testcase> <!-- fourthTestcase -->
  <testcase classname="practiceTestNG.PracticeTestNGClass9" name="firstTestcase" time="0.0">
    <ignored/>
  </testcase> <!-- firstTestcase -->
  <testcase classname="practiceTestNG.PracticeTestNGClass8" name="firstTestcase" time="0.0">
    <ignored/>
  </testcase> <!-- firstTestcase -->
  <testcase classname="practiceTestNG.PracticeTestPriorityClass" name="firstTestcase" time="0.0">
    <ignored/>
  </testcase> <!-- firstTestcase -->
  <testcase classname="practiceTestNG.PracticeHardAssertClass" name="firstTestcase" time="0.0">
    <ignored/>
  </testcase> <!-- firstTestcase -->
  <testcase classname="practiceTestNG.PracticeTestDisableClass" name="firstTestcase" time="0.0">
    <ignored/>
  </testcase> <!-- firstTestcase -->
  <testcase classname="practiceTestNG.PracticeTestPriorityClass" name="secondTestcase" time="0.0">
    <ignored/>
  </testcase> <!-- secondTestcase -->
  <testcase classname="practiceTestNG.PracticeTestPriorityClass" name="thirdTestcase" time="0.0">
    <ignored/>
  </testcase> <!-- thirdTestcase -->
  <testcase classname="practiceTestNG.PracticeTestNGClass" name="firstTestcase" time="0.0">
    <ignored/>
  </testcase> <!-- firstTestcase -->
  <testcase classname="practiceTestNG.PracticeTestDependencyClass" name="secondTestcase" time="0.0">
    <ignored/>
  </testcase> <!-- secondTestcase -->
  <testcase classname="practiceTestNG.PracticeTestDependencyClass" name="firstTestcase" time="0.0">
    <ignored/>
  </testcase> <!-- firstTestcase -->
  <testcase classname="practiceTestNG.PracticeTestNGClass10" name="firstTestcase" time="0.0">
    <ignored/>
  </testcase> <!-- firstTestcase -->
  <testcase classname="practiceTestNG.PracticeTestNGClass7" name="firstTestcase" time="0.0">
    <ignored/>
  </testcase> <!-- firstTestcase -->
  <testcase classname="practiceTestNG.PracticeTestNGClass6" name="firstTestcase" time="0.0">
    <ignored/>
  </testcase> <!-- firstTestcase -->
</testsuite> <!-- GroupTest -->
