<?xml version="1.0" encoding="UTF-8"?>
<!-- Generated by org.testng.reporters.JUnitXMLReporter -->
<testsuite ignored="0" hostname="Adithis-MacBook-Air.local" failures="1" tests="1" name="Test(failed)" time="0.087" errors="0" timestamp="2024-01-24T11:14:36 PST">
  <testcase classname="practiceTestNG.PracticeTestNGClass1" name="firstTestcase" time="0.024">
    <failure type="java.lang.AssertionError" message="expected [Hello World!] but found [Hello]">
      <![CDATA[java.lang.AssertionError: expected [Hello World!] but found [Hello]
at practiceTestNG.PracticeTestNGClass1.firstTestcase(PracticeTestNGClass1.java:16)
at java.base/java.util.ArrayList.forEach(ArrayList.java:1596)
... Removed 31 stack frames]]>
    </failure>
  </testcase> <!-- firstTestcase -->
</testsuite> <!-- Test(failed) -->
