<?xml version="1.0" encoding="UTF-8"?>
<testng-results ignored="0" total="1" passed="1" failed="0" skipped="0">
  <reporter-output>
  </reporter-output>
  <suite started-at="2024-02-09T10:29:46 PST" name="Suite" finished-at="2024-02-09T10:29:57 PST" duration-ms="10266">
    <groups>
    </groups>
    <test started-at="2024-02-09T10:29:46 PST" name="Test" finished-at="2024-02-09T10:29:57 PST" duration-ms="10266">
      <class name="org.practice.automation.PracticeCaptureScreenshotClass">
        <test-method signature="handleFramesToTakeScreenshot()[pri:0, instance:org.practice.automation.PracticeCaptureScreenshotClass@1a482e36]" started-at="2024-02-09T10:29:46 PST" name="handleFramesToTakeScreenshot" finished-at="2024-02-09T10:29:57 PST" duration-ms="10212" status="PASS">
          <reporter-output>
          </reporter-output>
        </test-method> <!-- handleFramesToTakeScreenshot -->
      </class> <!-- org.practice.automation.PracticeCaptureScreenshotClass -->
    </test> <!-- Test -->
  </suite> <!-- Suite -->
</testng-results>
